Sat Feb  7 02:15:00 MSK 2026: Новых сделок нет
Sat Feb  7 02:30:00 MSK 2026: Новых сделок нет
Sat Feb  7 02:45:00 MSK 2026: Новых сделок нет
Sat Feb  7 03:00:00 MSK 2026: Новых сделок нет
Sat Feb  7 03:15:01 MSK 2026: Новых сделок нет
Sat Feb  7 03:30:01 MSK 2026: Новых сделок нет
Sat Feb  7 03:45:01 MSK 2026: Новых сделок нет
Sat Feb  7 04:00:00 MSK 2026: Новых сделок нет
Sat Feb  7 04:15:00 MSK 2026: Новых сделок нет
Sat Feb  7 04:30:00 MSK 2026: Новых сделок нет
Sat Feb  7 04:45:00 MSK 2026: Новых сделок нет
Sat Feb  7 05:00:00 MSK 2026: Новых сделок нет
Sat Feb  7 05:15:00 MSK 2026: Новых сделок нет
Sat Feb  7 05:30:01 MSK 2026: Новых сделок нет
Sat Feb  7 05:45:01 MSK 2026: Новых сделок нет
Sat Feb  7 06:00:01 MSK 2026: Новых сделок нет
Sat Feb  7 06:15:01 MSK 2026: Новых сделок нет
Sat Feb  7 06:30:01 MSK 2026: Новых сделок нет
Sat Feb  7 06:45:01 MSK 2026: Новых сделок нет
Sat Feb  7 07:00:00 MSK 2026: Новых сделок нет
Sat Feb  7 07:15:01 MSK 2026: Новых сделок нет
Sat Feb  7 07:30:01 MSK 2026: Новых сделок нет
Sat Feb  7 07:45:01 MSK 2026: Новых сделок нет
Sat Feb  7 08:00:01 MSK 2026: Новых сделок нет
Sat Feb  7 08:15:00 MSK 2026: Новых сделок нет
Sat Feb  7 08:30:00 MSK 2026: Новых сделок нет
Sat Feb  7 08:45:01 MSK 2026: Новых сделок нет
Sat Feb  7 09:00:00 MSK 2026: Новых сделок нет
Sat Feb  7 09:15:01 MSK 2026: Новых сделок нет
Sat Feb  7 09:30:00 MSK 2026: Новых сделок нет
Sat Feb  7 09:45:00 MSK 2026: Новых сделок нет
Sat Feb  7 10:00:00 MSK 2026: Новых сделок нет
Sat Feb  7 10:15:01 MSK 2026: Новых сделок нет
Sat Feb  7 10:30:00 MSK 2026: Новых сделок нет
Sat Feb  7 10:45:00 MSK 2026: Новых сделок нет
Sat Feb  7 11:00:00 MSK 2026: Новых сделок нет
Sat Feb  7 11:15:00 MSK 2026: Новых сделок нет
Sat Feb  7 11:30:00 MSK 2026: Новых сделок нет
Sat Feb  7 11:45:01 MSK 2026: Новых сделок нет
Sat Feb  7 12:00:00 MSK 2026: Новых сделок нет
Sat Feb  7 12:15:01 MSK 2026: Новых сделок нет
Sat Feb  7 12:30:00 MSK 2026: Новых сделок нет
Sat Feb  7 12:45:01 MSK 2026: Найдено новых сделок: 1
Отправляю уведомление о сделке #10927: Екатерина Полякова - OnlineTur+
Sat Feb  7 12:45:02 MSK 2026: Обновлён last ID: 10927
Sat Feb  7 13:00:01 MSK 2026: Новых сделок нет
Sat Feb  7 13:15:00 MSK 2026: Новых сделок нет
Sat Feb  7 13:30:01 MSK 2026: Новых сделок нет
Sat Feb  7 13:45:00 MSK 2026: Новых сделок нет
Sat Feb  7 14:00:01 MSK 2026: Новых сделок нет
Sat Feb  7 14:15:01 MSK 2026: Новых сделок нет
Sat Feb  7 14:30:01 MSK 2026: Найдено новых сделок: 1
Отправляю уведомление о сделке #10929: Светлана Смирнова - OnlineTur+
Sat Feb  7 14:30:02 MSK 2026: Обновлён last ID: 10929
Sat Feb  7 14:45:00 MSK 2026: Новых сделок нет
Sat Feb  7 15:00:00 MSK 2026: Новых сделок нет
Sat Feb  7 15:15:01 MSK 2026: Новых сделок нет
Sat Feb  7 15:30:30 MSK 2026: Новых сделок нет
Sat Feb  7 15:45:00 MSK 2026: Новых сделок нет
Sat Feb  7 16:00:00 MSK 2026: Новых сделок нет
Sat Feb  7 16:15:02 MSK 2026: Новых сделок нет
Sat Feb  7 16:30:01 MSK 2026: Новых сделок нет
Sat Feb  7 16:45:01 MSK 2026: Новых сделок нет
Sat Feb  7 17:00:01 MSK 2026: Новых сделок нет
Sat Feb  7 17:15:00 MSK 2026: Найдено новых сделок: 1
Отправляю уведомление о сделке #10931: Марина Гнездилова - OnlineTur+
Sat Feb  7 17:15:01 MSK 2026: Обновлён last ID: 10931
Sat Feb  7 17:30:00 MSK 2026: Новых сделок нет
Sat Feb  7 17:45:01 MSK 2026: Новых сделок нет
Sat Feb  7 18:00:01 MSK 2026: Новых сделок нет
Sat Feb  7 18:15:01 MSK 2026: Новых сделок нет
Sat Feb  7 18:30:00 MSK 2026: Новых сделок нет
Sat Feb  7 18:45:00 MSK 2026: Новых сделок нет
Sat Feb  7 19:00:00 MSK 2026: Новых сделок нет
Sat Feb  7 19:15:00 MSK 2026: Новых сделок нет
Sat Feb  7 19:30:00 MSK 2026: Новых сделок нет
Sat Feb  7 19:45:00 MSK 2026: Новых сделок нет
Sat Feb  7 20:00:00 MSK 2026: Новых сделок нет
Sat Feb  7 20:15:00 MSK 2026: Новых сделок нет
Sat Feb  7 20:30:00 MSK 2026: Новых сделок нет
Sat Feb  7 20:45:01 MSK 2026: Новых сделок нет
Sat Feb  7 21:00:01 MSK 2026: Новых сделок нет
Sat Feb  7 21:15:01 MSK 2026: Новых сделок нет
Sat Feb  7 21:30:00 MSK 2026: Новых сделок нет
Sat Feb  7 21:45:00 MSK 2026: Новых сделок нет
Sat Feb  7 22:00:01 MSK 2026: Новых сделок нет
Sat Feb  7 22:15:01 MSK 2026: Новых сделок нет
Sat Feb  7 22:30:00 MSK 2026: Новых сделок нет
Sun Feb  8 15:15:01 MSK 2026: Найдено новых сделок: 1
Отправляю уведомление о сделке #10933: Ольга - Открытая линия OnlineTurPlus
Sun Feb  8 15:15:02 MSK 2026: Обновлён last ID: 10933
Sun Feb  8 15:30:00 MSK 2026: Новых сделок нет
Sun Feb  8 15:45:00 MSK 2026: Новых сделок нет
Sun Feb  8 16:00:00 MSK 2026: Новых сделок нет
Sun Feb  8 16:15:01 MSK 2026: Новых сделок нет
Sun Feb  8 16:30:00 MSK 2026: Новых сделок нет
Sun Feb  8 16:45:01 MSK 2026: Новых сделок нет
Sun Feb  8 17:00:00 MSK 2026: Новых сделок нет
Sun Feb  8 17:15:00 MSK 2026: Новых сделок нет
Sun Feb  8 17:30:00 MSK 2026: Новых сделок нет
Sun Feb  8 17:45:01 MSK 2026: Найдено новых сделок: 1
Отправляю уведомление о сделке #10935: Татьяна Ковалева - OnlineTur+
Sun Feb  8 17:45:02 MSK 2026: Обновлён last ID: 10935
Sun Feb  8 18:00:00 MSK 2026: Новых сделок нет
Sun Feb  8 18:15:00 MSK 2026: Новых сделок нет
Sun Feb  8 18:30:01 MSK 2026: Новых сделок нет
Sun Feb  8 18:45:00 MSK 2026: Новых сделок нет
Sun Feb  8 19:00:00 MSK 2026: Новых сделок нет
Sun Feb  8 19:15:01 MSK 2026: Новых сделок нет
Sun Feb  8 19:30:01 MSK 2026: Новых сделок нет
Sun Feb  8 19:45:01 MSK 2026: Новых сделок нет
Sun Feb  8 20:00:01 MSK 2026: Новых сделок нет
Sun Feb  8 20:15:01 MSK 2026: Новых сделок нет
Sun Feb  8 20:30:00 MSK 2026: Новых сделок нет
Sun Feb  8 20:45:01 MSK 2026: Новых сделок нет
Sun Feb  8 21:00:00 MSK 2026: Новых сделок нет
Sun Feb  8 21:15:01 MSK 2026: Новых сделок нет
Sun Feb  8 21:30:01 MSK 2026: Найдено новых сделок: 1
Отправляю уведомление о сделке #10937: Диана Сергеева - OnlineTur+
Sun Feb  8 21:30:02 MSK 2026: Обновлён last ID: 10937
Sun Feb  8 21:45:00 MSK 2026: Новых сделок нет
Sun Feb  8 22:00:00 MSK 2026: Найдено новых сделок: 1
Отправляю уведомление о сделке #10939: Дмитрий Бабкин - Открытая линия OnlineTurPlus
Sun Feb  8 22:00:01 MSK 2026: Обновлён last ID: 10939
Sun Feb  8 22:15:00 MSK 2026: Новых сделок нет
Sun Feb  8 22:30:00 MSK 2026: Новых сделок нет
Sun Feb  8 22:45:00 MSK 2026: Новых сделок нет
Sun Feb  8 23:00:01 MSK 2026: Новых сделок нет
Sun Feb  8 23:15:01 MSK 2026: Новых сделок нет
Sun Feb  8 23:30:01 MSK 2026: Новых сделок нет
Sun Feb  8 23:45:01 MSK 2026: Новых сделок нет
Mon Feb  9 00:00:04 MSK 2026: Новых сделок нет
Mon Feb  9 00:15:00 MSK 2026: Новых сделок нет
Mon Feb  9 00:30:01 MSK 2026: Новых сделок нет
Mon Feb  9 00:45:00 MSK 2026: Новых сделок нет
Mon Feb  9 01:00:00 MSK 2026: Новых сделок нет
Mon Feb  9 01:15:00 MSK 2026: Новых сделок нет
Mon Feb  9 01:30:00 MSK 2026: Новых сделок нет
Mon Feb  9 01:45:01 MSK 2026: Новых сделок нет
Mon Feb  9 02:00:01 MSK 2026: Новых сделок нет
Mon Feb  9 02:15:01 MSK 2026: Новых сделок нет
Mon Feb  9 02:30:01 MSK 2026: Новых сделок нет
Mon Feb  9 02:45:16 MSK 2026: Новых сделок нет
Mon Feb  9 03:00:01 MSK 2026: Новых сделок нет
Mon Feb  9 03:15:00 MSK 2026: Новых сделок нет
Mon Feb  9 03:30:01 MSK 2026: Новых сделок нет
Mon Feb  9 03:45:00 MSK 2026: Новых сделок нет
Mon Feb  9 04:00:00 MSK 2026: Новых сделок нет
Mon Feb  9 04:15:01 MSK 2026: Новых сделок нет
Mon Feb  9 04:30:01 MSK 2026: Новых сделок нет
Mon Feb  9 04:45:01 MSK 2026: Новых сделок нет
Mon Feb  9 05:00:01 MSK 2026: Новых сделок нет
Mon Feb  9 05:15:01 MSK 2026: Новых сделок нет
Mon Feb  9 05:30:01 MSK 2026: Новых сделок нет
Mon Feb  9 05:45:01 MSK 2026: Новых сделок нет
Mon Feb  9 06:00:01 MSK 2026: Новых сделок нет
Mon Feb  9 06:15:00 MSK 2026: Новых сделок нет
Mon Feb  9 06:30:00 MSK 2026: Новых сделок нет
Mon Feb  9 06:45:01 MSK 2026: Новых сделок нет
Mon Feb  9 07:00:01 MSK 2026: Новых сделок нет
Mon Feb  9 07:15:01 MSK 2026: Новых сделок нет
Mon Feb  9 07:30:00 MSK 2026: Новых сделок нет
Mon Feb  9 07:45:00 MSK 2026: Новых сделок нет
Mon Feb  9 08:00:00 MSK 2026: Новых сделок нет
Mon Feb  9 08:15:01 MSK 2026: Новых сделок нет
Mon Feb  9 08:30:01 MSK 2026: Новых сделок нет
Mon Feb  9 08:45:00 MSK 2026: Новых сделок нет
Mon Feb  9 09:00:01 MSK 2026: Новых сделок нет
Mon Feb  9 09:15:01 MSK 2026: Новых сделок нет
Mon Feb  9 09:30:00 MSK 2026: Новых сделок нет
Mon Feb  9 09:45:00 MSK 2026: Новых сделок нет
Mon Feb  9 10:00:00 MSK 2026: Новых сделок нет
Mon Feb  9 10:15:01 MSK 2026: Новых сделок нет
Mon Feb  9 10:30:01 MSK 2026: Новых сделок нет
Mon Feb  9 10:45:01 MSK 2026: Новых сделок нет
Mon Feb  9 11:00:00 MSK 2026: Новых сделок нет
Mon Feb  9 11:15:00 MSK 2026: Новых сделок нет
Mon Feb  9 11:30:00 MSK 2026: Новых сделок нет
Mon Feb  9 11:45:00 MSK 2026: Новых сделок нет
Mon Feb  9 12:00:01 MSK 2026: Новых сделок нет
Mon Feb  9 12:15:00 MSK 2026: Новых сделок нет
Mon Feb  9 12:30:01 MSK 2026: Новых сделок нет
Mon Feb  9 12:45:00 MSK 2026: Новых сделок нет
Mon Feb  9 13:00:00 MSK 2026: Новых сделок нет
Mon Feb  9 13:15:00 MSK 2026: Новых сделок нет
Mon Feb  9 13:30:00 MSK 2026: Новых сделок нет
Mon Feb  9 13:45:01 MSK 2026: Найдено новых сделок: 1
Отправляю уведомление о сделке #10941: Татьяна Ковалева - OnlineTur+
Mon Feb  9 13:45:02 MSK 2026: Обновлён last ID: 10941
Mon Feb  9 14:00:01 MSK 2026: Новых сделок нет
Mon Feb  9 14:15:30 MSK 2026: Новых сделок нет
Mon Feb  9 18:00:01 MSK 2026: Найдено новых сделок: 3
Отправляю уведомление о сделке #10943: Дмитрий Качалов - Открытая линия OnlineTurPlus
Отправляю уведомление о сделке #10945: Исходящий вызов 79202669966
Отправляю уведомление о сделке #10947: Исходящий вызов 74952235555
Mon Feb  9 18:00:04 MSK 2026: Обновлён last ID: 10947
Mon Feb  9 18:15:01 MSK 2026: Новых сделок нет
Mon Feb  9 18:30:01 MSK 2026: Новых сделок нет
Mon Feb  9 18:45:00 MSK 2026: Новых сделок нет
Mon Feb  9 19:00:00 MSK 2026: Новых сделок нет
Mon Feb  9 19:15:01 MSK 2026: Новых сделок нет
Mon Feb  9 19:30:01 MSK 2026: Новых сделок нет
Mon Feb  9 19:45:01 MSK 2026: Новых сделок нет
Mon Feb  9 20:00:01 MSK 2026: Новых сделок нет
Mon Feb  9 20:15:01 MSK 2026: Новых сделок нет
Mon Feb  9 20:30:00 MSK 2026: Новых сделок нет
Mon Feb  9 20:45:01 MSK 2026: Новых сделок нет
Mon Feb  9 21:00:01 MSK 2026: Новых сделок нет
Mon Feb  9 21:15:01 MSK 2026: Новых сделок нет
Mon Feb  9 21:30:01 MSK 2026: Новых сделок нет
Mon Feb  9 21:45:01 MSK 2026: Новых сделок нет
Mon Feb  9 22:00:00 MSK 2026: Новых сделок нет
Mon Feb  9 22:15:01 MSK 2026: Новых сделок нет
Mon Feb  9 22:30:01 MSK 2026: Новых сделок нет
Mon Feb  9 22:45:00 MSK 2026: Новых сделок нет
Mon Feb  9 23:00:00 MSK 2026: Новых сделок нет
Mon Feb  9 23:15:00 MSK 2026: Новых сделок нет
Mon Feb  9 23:30:00 MSK 2026: Новых сделок нет
Mon Feb  9 23:45:01 MSK 2026: Новых сделок нет
Tue Feb 10 00:00:17 MSK 2026: Новых сделок нет
Tue Feb 10 00:15:01 MSK 2026: Новых сделок нет
Tue Feb 10 00:30:00 MSK 2026: Новых сделок нет
Tue Feb 10 00:45:00 MSK 2026: Новых сделок нет
Tue Feb 10 01:00:00 MSK 2026: Новых сделок нет
Tue Feb 10 01:15:00 MSK 2026: Новых сделок нет
Tue Feb 10 01:30:00 MSK 2026: Новых сделок нет
Tue Feb 10 01:45:01 MSK 2026: Новых сделок нет
Tue Feb 10 02:00:01 MSK 2026: Новых сделок нет
Tue Feb 10 02:15:00 MSK 2026: Новых сделок нет
Tue Feb 10 02:30:01 MSK 2026: Новых сделок нет
Tue Feb 10 02:45:00 MSK 2026: Новых сделок нет
Tue Feb 10 03:00:00 MSK 2026: Новых сделок нет
Tue Feb 10 03:15:00 MSK 2026: Новых сделок нет
Tue Feb 10 03:30:01 MSK 2026: Новых сделок нет
Tue Feb 10 03:45:01 MSK 2026: Новых сделок нет
Tue Feb 10 04:00:00 MSK 2026: Новых сделок нет
Tue Feb 10 04:15:01 MSK 2026: Новых сделок нет
Tue Feb 10 04:30:00 MSK 2026: Новых сделок нет
Tue Feb 10 04:45:00 MSK 2026: Новых сделок нет
Tue Feb 10 05:00:00 MSK 2026: Новых сделок нет
Tue Feb 10 05:15:01 MSK 2026: Новых сделок нет
Tue Feb 10 05:30:01 MSK 2026: Новых сделок нет
Tue Feb 10 05:45:00 MSK 2026: Новых сделок нет
Tue Feb 10 06:00:01 MSK 2026: Новых сделок нет
Tue Feb 10 06:15:01 MSK 2026: Новых сделок нет
Tue Feb 10 06:30:00 MSK 2026: Новых сделок нет
Tue Feb 10 06:45:00 MSK 2026: Новых сделок нет
Tue Feb 10 07:00:01 MSK 2026: Новых сделок нет
Tue Feb 10 07:15:01 MSK 2026: Новых сделок нет
Tue Feb 10 07:30:01 MSK 2026: Новых сделок нет
Tue Feb 10 07:45:00 MSK 2026: Новых сделок нет
Tue Feb 10 08:00:00 MSK 2026: Новых сделок нет
Tue Feb 10 08:15:01 MSK 2026: Новых сделок нет
Tue Feb 10 08:30:01 MSK 2026: Новых сделок нет
Tue Feb 10 08:45:01 MSK 2026: Новых сделок нет
Tue Feb 10 09:00:00 MSK 2026: Новых сделок нет
Tue Feb 10 09:15:01 MSK 2026: Новых сделок нет
Tue Feb 10 09:30:00 MSK 2026: Новых сделок нет
Tue Feb 10 09:45:01 MSK 2026: Новых сделок нет
Tue Feb 10 10:00:01 MSK 2026: Новых сделок нет
Tue Feb 10 10:15:01 MSK 2026: Новых сделок нет
Tue Feb 10 10:30:01 MSK 2026: Новых сделок нет
Tue Feb 10 10:45:01 MSK 2026: Новых сделок нет
Tue Feb 10 11:00:00 MSK 2026: Новых сделок нет
Tue Feb 10 11:15:01 MSK 2026: Новых сделок нет
Tue Feb 10 11:30:00 MSK 2026: Новых сделок нет
Tue Feb 10 11:45:00 MSK 2026: Новых сделок нет
Tue Feb 10 12:00:01 MSK 2026: Новых сделок нет
Tue Feb 10 12:15:01 MSK 2026: Новых сделок нет
Tue Feb 10 12:30:01 MSK 2026: Новых сделок нет
Tue Feb 10 12:45:01 MSK 2026: Новых сделок нет
Tue Feb 10 13:00:00 MSK 2026: Новых сделок нет
Tue Feb 10 13:15:00 MSK 2026: Новых сделок нет
Tue Feb 10 13:30:00 MSK 2026: Новых сделок нет
Tue Feb 10 13:45:00 MSK 2026: Новых сделок нет
Tue Feb 10 14:00:01 MSK 2026: Новых сделок нет
Tue Feb 10 14:15:00 MSK 2026: Новых сделок нет
Tue Feb 10 14:30:01 MSK 2026: Новых сделок нет
Tue Feb 10 14:45:00 MSK 2026: Новых сделок нет
Tue Feb 10 15:00:04 MSK 2026: Найдено новых сделок: 1
Отправляю уведомление о сделке #10949: Руслан Успенский - OnlineTur+
Tue Feb 10 15:00:06 MSK 2026: Обновлён last ID: 10949
Tue Feb 10 15:15:00 MSK 2026: Новых сделок нет
Tue Feb 10 15:30:01 MSK 2026: Новых сделок нет
Tue Feb 10 15:45:01 MSK 2026: Новых сделок нет
Tue Feb 10 16:00:01 MSK 2026: Новых сделок нет
Tue Feb 10 16:15:01 MSK 2026: Найдено новых сделок: 1
Отправляю уведомление о сделке #10951: Любовь Тихончук - OnlineTur+
Tue Feb 10 16:15:02 MSK 2026: Обновлён last ID: 10951
Tue Feb 10 16:30:00 MSK 2026: Новых сделок нет
Tue Feb 10 16:45:00 MSK 2026: Новых сделок нет
Tue Feb 10 17:00:01 MSK 2026: Новых сделок нет
Tue Feb 10 17:15:01 MSK 2026: Новых сделок нет
Tue Feb 10 17:30:01 MSK 2026: Новых сделок нет
Tue Feb 10 17:45:01 MSK 2026: Новых сделок нет
Tue Feb 10 18:00:01 MSK 2026: Новых сделок нет
Tue Feb 10 18:15:00 MSK 2026: Новых сделок нет
Tue Feb 10 18:30:00 MSK 2026: Новых сделок нет
Tue Feb 10 18:45:01 MSK 2026: Новых сделок нет
Tue Feb 10 19:00:07 MSK 2026: Новых сделок нет
Tue Feb 10 19:15:01 MSK 2026: Новых сделок нет
Tue Feb 10 19:30:08 MSK 2026: Новых сделок нет
Tue Feb 10 19:45:01 MSK 2026: Новых сделок нет
Tue Feb 10 20:00:01 MSK 2026: Новых сделок нет
Tue Feb 10 20:15:01 MSK 2026: Новых сделок нет
Tue Feb 10 20:30:00 MSK 2026: Новых сделок нет
Tue Feb 10 20:45:00 MSK 2026: Новых сделок нет
Tue Feb 10 21:00:01 MSK 2026: Новых сделок нет
Tue Feb 10 21:15:01 MSK 2026: Новых сделок нет
Tue Feb 10 21:30:00 MSK 2026: Новых сделок нет
Tue Feb 10 21:45:01 MSK 2026: Новых сделок нет
Tue Feb 10 22:00:01 MSK 2026: Новых сделок нет
Tue Feb 10 22:15:01 MSK 2026: Найдено новых сделок: 1
Отправляю уведомление о сделке #10953: Марина Гнездилова - OnlineTur+
Tue Feb 10 22:15:02 MSK 2026: Обновлён last ID: 10953
Tue Feb 10 22:30:01 MSK 2026: Новых сделок нет
Tue Feb 10 22:45:01 MSK 2026: Новых сделок нет
Tue Feb 10 23:00:01 MSK 2026: Новых сделок нет
Tue Feb 10 23:15:01 MSK 2026: Новых сделок нет
Tue Feb 10 23:30:00 MSK 2026: Новых сделок нет
Tue Feb 10 23:45:00 MSK 2026: Новых сделок нет
Wed Feb 11 00:00:04 MSK 2026: Новых сделок нет
Wed Feb 11 00:15:00 MSK 2026: Новых сделок нет
Wed Feb 11 00:30:00 MSK 2026: Новых сделок нет
Wed Feb 11 00:45:01 MSK 2026: Новых сделок нет
Wed Feb 11 01:00:01 MSK 2026: Новых сделок нет
Wed Feb 11 01:15:01 MSK 2026: Новых сделок нет
Wed Feb 11 01:30:00 MSK 2026: Новых сделок нет
Wed Feb 11 01:45:01 MSK 2026: Новых сделок нет
Wed Feb 11 02:00:01 MSK 2026: Новых сделок нет
Wed Feb 11 02:15:00 MSK 2026: Новых сделок нет
Wed Feb 11 02:30:00 MSK 2026: Новых сделок нет
Wed Feb 11 02:45:00 MSK 2026: Новых сделок нет
Wed Feb 11 03:00:01 MSK 2026: Новых сделок нет
Wed Feb 11 03:15:01 MSK 2026: Новых сделок нет
Wed Feb 11 03:30:01 MSK 2026: Новых сделок нет
Wed Feb 11 03:45:01 MSK 2026: Новых сделок нет
Wed Feb 11 04:00:00 MSK 2026: Новых сделок нет
Wed Feb 11 04:15:01 MSK 2026: Новых сделок нет
Wed Feb 11 04:30:01 MSK 2026: Новых сделок нет
Wed Feb 11 04:45:00 MSK 2026: Новых сделок нет
Wed Feb 11 05:00:01 MSK 2026: Новых сделок нет
Wed Feb 11 05:15:00 MSK 2026: Новых сделок нет
Wed Feb 11 05:30:00 MSK 2026: Новых сделок нет
Wed Feb 11 05:45:01 MSK 2026: Новых сделок нет
Wed Feb 11 06:00:01 MSK 2026: Новых сделок нет
Wed Feb 11 06:15:01 MSK 2026: Новых сделок нет
Wed Feb 11 06:30:00 MSK 2026: Новых сделок нет
Wed Feb 11 06:45:00 MSK 2026: Новых сделок нет
Wed Feb 11 07:00:01 MSK 2026: Новых сделок нет
Wed Feb 11 07:15:00 MSK 2026: Новых сделок нет
Wed Feb 11 07:30:00 MSK 2026: Новых сделок нет
Wed Feb 11 07:45:01 MSK 2026: Новых сделок нет
Wed Feb 11 08:00:00 MSK 2026: Новых сделок нет
Wed Feb 11 08:15:00 MSK 2026: Новых сделок нет
Wed Feb 11 08:30:01 MSK 2026: Новых сделок нет
Wed Feb 11 08:45:00 MSK 2026: Новых сделок нет
Wed Feb 11 09:00:01 MSK 2026: Новых сделок нет
Wed Feb 11 09:15:00 MSK 2026: Новых сделок нет
Wed Feb 11 09:30:00 MSK 2026: Новых сделок нет
Wed Feb 11 09:45:19 MSK 2026: Новых сделок нет
Wed Feb 11 10:00:00 MSK 2026: Новых сделок нет
Wed Feb 11 10:15:01 MSK 2026: Новых сделок нет
Wed Feb 11 10:30:01 MSK 2026: Новых сделок нет
Wed Feb 11 10:45:00 MSK 2026: Новых сделок нет
Wed Feb 11 11:00:01 MSK 2026: Новых сделок нет
Wed Feb 11 11:15:01 MSK 2026: Новых сделок нет
Wed Feb 11 11:30:01 MSK 2026: Новых сделок нет
Wed Feb 11 11:45:00 MSK 2026: Новых сделок нет
Wed Feb 11 12:00:01 MSK 2026: Новых сделок нет
Wed Feb 11 12:15:01 MSK 2026: Новых сделок нет
Wed Feb 11 12:30:01 MSK 2026: Новых сделок нет
Wed Feb 11 12:45:01 MSK 2026: Новых сделок нет
Wed Feb 11 13:00:00 MSK 2026: Новых сделок нет
Wed Feb 11 13:15:00 MSK 2026: Новых сделок нет
Wed Feb 11 13:30:00 MSK 2026: Новых сделок нет
Wed Feb 11 13:45:00 MSK 2026: Новых сделок нет
Wed Feb 11 14:00:01 MSK 2026: Новых сделок нет
Wed Feb 11 14:15:00 MSK 2026: Новых сделок нет
Wed Feb 11 14:30:00 MSK 2026: Новых сделок нет
Wed Feb 11 14:45:00 MSK 2026: Новых сделок нет
Wed Feb 11 15:00:01 MSK 2026: Новых сделок нет
Wed Feb 11 15:15:00 MSK 2026: Новых сделок нет
Wed Feb 11 15:30:00 MSK 2026: Новых сделок нет
Wed Feb 11 15:45:00 MSK 2026: Новых сделок нет
Wed Feb 11 16:00:00 MSK 2026: Новых сделок нет
Wed Feb 11 16:15:09 MSK 2026: Новых сделок нет
Wed Feb 11 16:30:00 MSK 2026: Новых сделок нет
Wed Feb 11 16:45:00 MSK 2026: Новых сделок нет
Wed Feb 11 17:00:01 MSK 2026: Новых сделок нет
Wed Feb 11 17:15:00 MSK 2026: Новых сделок нет
Wed Feb 11 17:30:00 MSK 2026: Новых сделок нет
Wed Feb 11 17:45:00 MSK 2026: Новых сделок нет
Wed Feb 11 18:00:00 MSK 2026: Новых сделок нет
Wed Feb 11 18:15:02 MSK 2026: Новых сделок нет
Wed Feb 11 18:30:00 MSK 2026: Новых сделок нет
Wed Feb 11 18:45:01 MSK 2026: Новых сделок нет
Wed Feb 11 19:00:01 MSK 2026: Новых сделок нет
Wed Feb 11 19:15:00 MSK 2026: Новых сделок нет
Wed Feb 11 19:30:06 MSK 2026: Новых сделок нет
Wed Feb 11 19:45:00 MSK 2026: Новых сделок нет
Wed Feb 11 20:00:00 MSK 2026: Новых сделок нет
Wed Feb 11 20:15:01 MSK 2026: Новых сделок нет
Wed Feb 11 20:30:01 MSK 2026: Новых сделок нет
Wed Feb 11 20:45:01 MSK 2026: Новых сделок нет
Wed Feb 11 21:00:01 MSK 2026: Новых сделок нет
Wed Feb 11 21:15:01 MSK 2026: Новых сделок нет
Wed Feb 11 21:30:00 MSK 2026: Новых сделок нет
Wed Feb 11 21:45:00 MSK 2026: Новых сделок нет
Wed Feb 11 22:00:00 MSK 2026: Новых сделок нет
Wed Feb 11 22:15:00 MSK 2026: Новых сделок нет
Wed Feb 11 22:30:01 MSK 2026: Новых сделок нет
Wed Feb 11 22:45:01 MSK 2026: Новых сделок нет
Wed Feb 11 23:00:00 MSK 2026: Новых сделок нет
Wed Feb 11 23:15:00 MSK 2026: Новых сделок нет
Wed Feb 11 23:30:01 MSK 2026: Новых сделок нет
Wed Feb 11 23:45:00 MSK 2026: Новых сделок нет
Thu Feb 12 00:00:01 MSK 2026: Новых сделок нет
Thu Feb 12 00:15:01 MSK 2026: Новых сделок нет
Thu Feb 12 00:30:01 MSK 2026: Новых сделок нет
Thu Feb 12 00:45:01 MSK 2026: Новых сделок нет
Thu Feb 12 01:00:01 MSK 2026: Новых сделок нет
Thu Feb 12 01:15:01 MSK 2026: Новых сделок нет
Thu Feb 12 01:30:01 MSK 2026: Новых сделок нет
Thu Feb 12 01:45:01 MSK 2026: Новых сделок нет
Thu Feb 12 02:00:00 MSK 2026: Новых сделок нет
Thu Feb 12 02:15:00 MSK 2026: Новых сделок нет
Thu Feb 12 02:30:00 MSK 2026: Новых сделок нет
Thu Feb 12 02:45:00 MSK 2026: Новых сделок нет
Thu Feb 12 03:00:00 MSK 2026: Новых сделок нет
Thu Feb 12 03:15:01 MSK 2026: Новых сделок нет
Thu Feb 12 03:30:00 MSK 2026: Новых сделок нет
Thu Feb 12 03:45:00 MSK 2026: Новых сделок нет
Thu Feb 12 04:00:01 MSK 2026: Новых сделок нет
Thu Feb 12 04:15:01 MSK 2026: Новых сделок нет
Thu Feb 12 04:30:01 MSK 2026: Новых сделок нет
Thu Feb 12 04:45:01 MSK 2026: Новых сделок нет
Thu Feb 12 05:00:01 MSK 2026: Новых сделок нет
Thu Feb 12 05:15:01 MSK 2026: Новых сделок нет
Thu Feb 12 05:30:01 MSK 2026: Новых сделок нет
Thu Feb 12 05:45:01 MSK 2026: Новых сделок нет
Thu Feb 12 06:00:00 MSK 2026: Новых сделок нет
Thu Feb 12 06:15:00 MSK 2026: Новых сделок нет
Thu Feb 12 06:30:00 MSK 2026: Новых сделок нет
Thu Feb 12 06:45:00 MSK 2026: Новых сделок нет
Thu Feb 12 07:00:00 MSK 2026: Новых сделок нет
Thu Feb 12 07:15:01 MSK 2026: Новых сделок нет
Thu Feb 12 07:30:01 MSK 2026: Новых сделок нет
Thu Feb 12 07:45:01 MSK 2026: Новых сделок нет
Thu Feb 12 08:00:01 MSK 2026: Новых сделок нет
Thu Feb 12 08:15:00 MSK 2026: Новых сделок нет
Thu Feb 12 08:30:00 MSK 2026: Новых сделок нет
Thu Feb 12 08:45:01 MSK 2026: Новых сделок нет
Thu Feb 12 09:00:01 MSK 2026: Новых сделок нет
Thu Feb 12 09:15:01 MSK 2026: Новых сделок нет
Thu Feb 12 09:30:01 MSK 2026: Новых сделок нет
Thu Feb 12 09:45:01 MSK 2026: Новых сделок нет
Thu Feb 12 10:00:01 MSK 2026: Новых сделок нет
Thu Feb 12 10:15:01 MSK 2026: Новых сделок нет
Thu Feb 12 10:30:01 MSK 2026: Новых сделок нет
Thu Feb 12 10:45:01 MSK 2026: Новых сделок нет
Thu Feb 12 11:00:01 MSK 2026: Новых сделок нет
Thu Feb 12 11:15:01 MSK 2026: Новых сделок нет
Thu Feb 12 11:30:01 MSK 2026: Найдено новых сделок: 1
Отправляю уведомление о сделке #10955: Ирина Демченко - OnlineTur+
Thu Feb 12 11:30:02 MSK 2026: Обновлён last ID: 10955
Thu Feb 12 11:45:01 MSK 2026: Новых сделок нет
Thu Feb 12 12:00:00 MSK 2026: Новых сделок нет
Thu Feb 12 12:15:00 MSK 2026: Новых сделок нет
Thu Feb 12 12:30:01 MSK 2026: Новых сделок нет
Thu Feb 12 12:45:00 MSK 2026: Новых сделок нет
Thu Feb 12 13:00:00 MSK 2026: Новых сделок нет
Thu Feb 12 13:15:01 MSK 2026: Новых сделок нет
Thu Feb 12 13:30:00 MSK 2026: Новых сделок нет
Thu Feb 12 13:45:00 MSK 2026: Новых сделок нет
Thu Feb 12 14:00:01 MSK 2026: Новых сделок нет
Thu Feb 12 14:15:00 MSK 2026: Новых сделок нет
Thu Feb 12 14:30:01 MSK 2026: Новых сделок нет
Thu Feb 12 14:45:00 MSK 2026: Новых сделок нет
Thu Feb 12 15:00:00 MSK 2026: Новых сделок нет
Thu Feb 12 15:15:00 MSK 2026: Новых сделок нет
Thu Feb 12 15:30:01 MSK 2026: Новых сделок нет
Thu Feb 12 15:45:01 MSK 2026: Новых сделок нет
